Using pre-set license
Built from '2021.3/staging' branch; Version is '2021.3.10f1 (1c7d0df0160b) revision 1867021'; Using compiler version '192829333'; Build Type 'Release'
OS: 'Windows 10  (10.0.19045) 64bit CoreSingleLanguage' Language: 'pt' Physical Memory: 12177 MB
BatchMode: 1, IsHumanControllingUs: 0, StartBugReporterOnCrash: 0, Is64bit: 1, IsPro: 1

COMMAND LINE ARGUMENTS:
C:\Program Files\Unity\Hub\Editor\2021.3.10f1\Editor\Unity.exe
-adb2
-batchMode
-noUpm
-name
AssetImportWorker3
-projectPath
E:/UNITY PROJETOS/Lost-On-Tenebris
-logFile
Logs/AssetImportWorker3.log
-srvPort
51279
Successfully changed project path to: E:/UNITY PROJETOS/Lost-On-Tenebris
E:/UNITY PROJETOS/Lost-On-Tenebris
[UnityMemory] Configuration Parameters - Can be set up in boot.config
    "memorysetup-bucket-allocator-granularity=16"
    "memorysetup-bucket-allocator-bucket-count=8"
    "memorysetup-bucket-allocator-block-size=33554432"
    "memorysetup-bucket-allocator-block-count=8"
    "memorysetup-main-allocator-block-size=16777216"
    "memorysetup-thread-allocator-block-size=16777216"
    "memorysetup-gfx-main-allocator-block-size=16777216"
    "memorysetup-gfx-thread-allocator-block-size=16777216"
    "memorysetup-cache-allocator-block-size=4194304"
    "memorysetup-typetree-allocator-block-size=2097152"
    "memorysetup-profiler-bucket-allocator-granularity=16"
    "memorysetup-profiler-bucket-allocator-bucket-count=8"
    "memorysetup-profiler-bucket-allocator-block-size=33554432"
    "memorysetup-profiler-bucket-allocator-block-count=8"
    "memorysetup-profiler-allocator-block-size=16777216"
    "memorysetup-profiler-editor-allocator-block-size=1048576"
    "memorysetup-temp-allocator-size-main=16777216"
    "memorysetup-job-temp-allocator-block-size=2097152"
    "memorysetup-job-temp-allocator-block-size-background=1048576"
    "memorysetup-job-temp-allocator-reduction-small-platforms=262144"
    "memorysetup-temp-allocator-size-background-worker=32768"
    "memorysetup-temp-allocator-size-job-worker=262144"
    "memorysetup-temp-allocator-size-preload-manager=33554432"
    "memorysetup-temp-allocator-size-nav-mesh-worker=65536"
    "memorysetup-temp-allocator-size-audio-worker=65536"
    "memorysetup-temp-allocator-size-cloud-worker=32768"
    "memorysetup-temp-allocator-size-gi-baking-worker=262144"
    "memorysetup-temp-allocator-size-gfx=262144"
Refreshing native plugins compatible for Editor in 80.68 ms, found 3 plugins.
Preloading 0 native plugins for Editor in 0.00 ms.
Initialize engine version: 2021.3.10f1 (1c7d0df0160b)
[Subsystems] Discovering subsystems at path C:/Program Files/Unity/Hub/Editor/2021.3.10f1/Editor/Data/Resources/UnitySubsystems
[Subsystems] Discovering subsystems at path E:/UNITY PROJETOS/Lost-On-Tenebris/Assets
GfxDevice: creating device client; threaded=0; jobified=0
Direct3D:
    Version:  Direct3D 11.0 [level 11.1]
    Renderer: Radeon (TM) RX 480 Graphics (ID=0x67df)
    Vendor:   ATI
    VRAM:     8171 MB
    Driver:   30.0.14029.1011
Initialize mono
Mono path[0] = 'C:/Program Files/Unity/Hub/Editor/2021.3.10f1/Editor/Data/Managed'
Mono path[1] = 'C:/Program Files/Unity/Hub/Editor/2021.3.10f1/Editor/Data/MonoBleedingEdge/lib/mono/unityjit-win32'
Mono config path = 'C:/Program Files/Unity/Hub/Editor/2021.3.10f1/Editor/Data/MonoBleedingEdge/etc'
Using monoOptions --debugger-agent=transport=dt_socket,embedding=1,server=y,suspend=n,address=127.0.0.1:56760
Begin MonoManager ReloadAssembly
Registering precompiled unity dll's ...
Register platform support module: C:/Program Files/Unity/Hub/Editor/2021.3.10f1/Editor/Data/PlaybackEngines/WebGLSupport/UnityEditor.WebGL.Extensions.dll
Register platform support module: C:/Program Files/Unity/Hub/Editor/2021.3.10f1/Editor/Data/PlaybackEngines/AndroidPlayer/UnityEditor.Android.Extensions.dll
Register platform support module: C:/Program Files/Unity/Hub/Editor/2021.3.10f1/Editor/Data/PlaybackEngines/WindowsStandaloneSupport/UnityEditor.WindowsStandalone.Extensions.dll
Register platform support module: C:/Program Files/Unity/Hub/Editor/2021.3.10f1/Editor/Data/PlaybackEngines/MetroSupport/UnityEditor.UWP.Extensions.dll
Registered in 0.010041 seconds.
Native extension for UWP target not found
Native extension for WindowsStandalone target not found
Native extension for Android target not found
Native extension for WebGL target not found
Refreshing native plugins compatible for Editor in 80.12 ms, found 3 plugins.
Preloading 0 native plugins for Editor in 0.00 ms.
Mono: successfully reloaded assembly
- Completed reload, in  0.648 seconds
Domain Reload Profiling:
	ReloadAssembly (649ms)
		BeginReloadAssembly (73ms)
			ExecutionOrderSort (0ms)
			DisableScriptedObjects (0ms)
			BackupInstance (0ms)
			ReleaseScriptingObjects (0ms)
			CreateAndSetChildDomain (1ms)
		EndReloadAssembly (466ms)
			LoadAssemblies (72ms)
			RebuildTransferFunctionScriptingTraits (0ms)
			SetupTypeCache (105ms)
			ReleaseScriptCaches (0ms)
			RebuildScriptCaches (27ms)
			SetupLoadedEditorAssemblies (285ms)
				LogAssemblyErrors (0ms)
				InitializePlatformSupportModulesInManaged (57ms)
				SetLoadedEditorAssemblies (0ms)
				RefreshPlugins (80ms)
				BeforeProcessingInitializeOnLoad (1ms)
				ProcessInitializeOnLoadAttributes (99ms)
				ProcessInitializeOnLoadMethodAttributes (47ms)
				AfterProcessingInitializeOnLoad (0ms)
				EditorAssembliesLoaded (0ms)
			ExecutionOrderSort2 (0ms)
			AwakeInstancesAfterBackupRestoration (0ms)
Platform modules already initialized, skipping
Registering precompiled user dll's ...
Registered in 0.003513 seconds.
Android Extension - Scanning For ADB Devices 4798 ms
Begin MonoManager ReloadAssembly
Symbol file LoadedFromMemory doesn't match image E:\UNITY PROJETOS\Lost-On-Tenebris\Library\PackageCache\com.unity.visualscripting@1.7.8\Editor\VisualScripting.Core\Dependencies\YamlDotNet\Unity.VisualScripting.YamlDotNet.dll
Symbol file LoadedFromMemory doesn't match image E:\UNITY PROJETOS\Lost-On-Tenebris\Library\PackageCache\com.unity.visualscripting@1.7.8\Editor\VisualScripting.Core\Dependencies\DotNetZip\Unity.VisualScripting.IonicZip.dll
Native extension for UWP target not found
Native extension for WindowsStandalone target not found
Native extension for Android target not found
Native extension for WebGL target not found
Refreshing native plugins compatible for Editor in 76.98 ms, found 3 plugins.
Preloading 0 native plugins for Editor in 0.00 ms.
Mono: successfully reloaded assembly
- Completed reload, in  2.110 seconds
Domain Reload Profiling:
	ReloadAssembly (2111ms)
		BeginReloadAssembly (110ms)
			ExecutionOrderSort (0ms)
			DisableScriptedObjects (5ms)
			BackupInstance (0ms)
			ReleaseScriptingObjects (0ms)
			CreateAndSetChildDomain (20ms)
		EndReloadAssembly (1844ms)
			LoadAssemblies (1033ms)
			RebuildTransferFunctionScriptingTraits (0ms)
			SetupTypeCache (257ms)
			ReleaseScriptCaches (1ms)
			RebuildScriptCaches (48ms)
			SetupLoadedEditorAssemblies (473ms)
				LogAssemblyErrors (0ms)
				InitializePlatformSupportModulesInManaged (16ms)
				SetLoadedEditorAssemblies (0ms)
				RefreshPlugins (77ms)
				BeforeProcessingInitializeOnLoad (81ms)
				ProcessInitializeOnLoadAttributes (265ms)
				ProcessInitializeOnLoadMethodAttributes (27ms)
				AfterProcessingInitializeOnLoad (7ms)
				EditorAssembliesLoaded (0ms)
			ExecutionOrderSort2 (0ms)
			AwakeInstancesAfterBackupRestoration (5ms)
Platform modules already initialized, skipping
========================================================================
Worker process is ready to serve import requests
Failed to load shader (instanceID 398, GUID 9c442dc870b456e48b615cd8add0e9ef)
Failed to load shader (instanceID 396, GUID 493b79ea9c9be44ed8b702014d3ac49c)
Launched and connected shader compiler UnityShaderCompiler.exe after 0.07 seconds
Refreshing native plugins compatible for Editor in 0.84 ms, found 3 plugins.
Preloading 0 native plugins for Editor in 0.00 ms.
Unloading 3724 Unused Serialized files (Serialized files now loaded: 0)
Unloading 28 unused Assets / (56.5 KB). Loaded Objects now: 4186.
Memory consumption went from 131.3 MB to 131.3 MB.
Total: 3.787800 ms (FindLiveObjects: 0.386100 ms CreateObjectMapping: 0.119700 ms MarkObjects: 3.176300 ms  DeleteObjects: 0.104100 ms)

AssetImportParameters requested are different than current active one (requested -> active):
  custom:video-decoder-ogg-theora: a1e56fd34408186e4bbccfd4996cb3dc -> 
  custom:container-muxer-webm: aa71ff27fc2769a1b78a27578f13a17b -> 
  custom:container-demuxer-webm: 4f35f7cbe854078d1ac9338744f61a02 -> 
  custom:video-encoder-webm-vp8: eb34c28f22e8b96e1ab97ce403110664 -> 
  custom:audio-encoder-webm-vorbis: bf7c407c2cedff20999df2af8eb42d56 -> 
  custom:framework-win-MediaFoundation: 216162199b28c13a410421893ffa2e32 -> 
  custom:container-demuxer-ogg: 62fdf1f143b41e24485cea50d1cbac27 -> 
  custom:video-decoder-webm-vp8: 9c59270c3fd7afecdb556c50c9e8de78 -> 
  custom:audio-decoder-ogg-vorbis: bf7c407c2cedff20999df2af8eb42d56 -> 
========================================================================
Received Import Request.
  Time since last request: 218262.588239 seconds.
  path: Assets/Models e Textures/Models/GALAOGAS.blend
  artifactKey: Guid(a097ebe93437b2a4dad94cc750243bde) Importer(815301076,1909f56bfc062723c751e8b465ee728b)
Start importing Assets/Models e Textures/Models/GALAOGAS.blend using Guid(a097ebe93437b2a4dad94cc750243bde) Importer(815301076,1909f56bfc062723c751e8b465ee728b)  -> (artifact id: 'a61253cb6e219dad2f537bd31b30dc2e') in 0.268340 seconds 
========================================================================
Received Import Request.
  Time since last request: 323.405935 seconds.
  path: Assets/Models e Textures/Materiais/PainelBotoes.mat
  artifactKey: Guid(bc55c4f8adcb3a24bb351ac657fc7a82) Importer(815301076,1909f56bfc062723c751e8b465ee728b)
Start importing Assets/Models e Textures/Materiais/PainelBotoes.mat using Guid(bc55c4f8adcb3a24bb351ac657fc7a82) Importer(815301076,1909f56bfc062723c751e8b465ee728b)  -> (artifact id: '71c5f107f7f5fd9d77ade17d98e1627f') in 0.040481 seconds 
========================================================================
Received Import Request.
  Time since last request: 0.000024 seconds.
  path: Assets/Models e Textures/Materiais/PainelContorno.mat
  artifactKey: Guid(973bcc96ab5ab9347987aeed29996147) Importer(815301076,1909f56bfc062723c751e8b465ee728b)
Start importing Assets/Models e Textures/Materiais/PainelContorno.mat using Guid(973bcc96ab5ab9347987aeed29996147) Importer(815301076,1909f56bfc062723c751e8b465ee728b)  -> (artifact id: 'e4522a5da927acc9a0876cef07ae07c2') in 0.013507 seconds 
========================================================================
Received Import Request.
  Time since last request: 60.050220 seconds.
  path: Assets/Models e Textures/Textures/GalaoGas/GalaoMat1_Metallic.png
  artifactKey: Guid(75aca36d1eb60fe40aa53701a75260e7) Importer(815301076,1909f56bfc062723c751e8b465ee728b)
Start importing Assets/Models e Textures/Textures/GalaoGas/GalaoMat1_Metallic.png using Guid(75aca36d1eb60fe40aa53701a75260e7) Importer(815301076,1909f56bfc062723c751e8b465ee728b)  -> (artifact id: 'b64138433c8dbf47123f4b68636e9d8e') in 0.060797 seconds 
========================================================================
Received Import Request.
  Time since last request: 0.000035 seconds.
  path: Assets/Models e Textures/Textures/GalaoGas/GalaoMat2_Base_Color.png
  artifactKey: Guid(2603f380a1da6e345a4a2c64930e7a99) Importer(815301076,1909f56bfc062723c751e8b465ee728b)
Start importing Assets/Models e Textures/Textures/GalaoGas/GalaoMat2_Base_Color.png using Guid(2603f380a1da6e345a4a2c64930e7a99) Importer(815301076,1909f56bfc062723c751e8b465ee728b)  -> (artifact id: 'af86d95160788a6d2be33c427805b967') in 0.018641 seconds 
========================================================================
Received Import Request.
  Time since last request: 0.000066 seconds.
  path: Assets/Models e Textures/Textures/GalaoGas/GalaoSuporte_Base_Color.png
  artifactKey: Guid(de4efbce2321ca340bd74d8e1485a723) Importer(815301076,1909f56bfc062723c751e8b465ee728b)
Start importing Assets/Models e Textures/Textures/GalaoGas/GalaoSuporte_Base_Color.png using Guid(de4efbce2321ca340bd74d8e1485a723) Importer(815301076,1909f56bfc062723c751e8b465ee728b)  -> (artifact id: '1efe9af894f070236e90a3dc42132191') in 0.018533 seconds 
========================================================================
Received Import Request.
  Time since last request: 0.000042 seconds.
  path: Assets/Models e Textures/Textures/GalaoGas/GalaoMat2_Metallic.png
  artifactKey: Guid(a07c226419d5d85439b0fce12df0331a) Importer(815301076,1909f56bfc062723c751e8b465ee728b)
Start importing Assets/Models e Textures/Textures/GalaoGas/GalaoMat2_Metallic.png using Guid(a07c226419d5d85439b0fce12df0331a) Importer(815301076,1909f56bfc062723c751e8b465ee728b)  -> (artifact id: '55c1a7e3a9e36eae9dce8e230bbbdcc9') in 0.018053 seconds 
========================================================================
Received Import Request.
  Time since last request: 0.000046 seconds.
  path: Assets/Models e Textures/Textures/GalaoGas/GalaoSuporte_Metallic.png
  artifactKey: Guid(b441227171043fb4c95d4898c136871e) Importer(815301076,1909f56bfc062723c751e8b465ee728b)
Start importing Assets/Models e Textures/Textures/GalaoGas/GalaoSuporte_Metallic.png using Guid(b441227171043fb4c95d4898c136871e) Importer(815301076,1909f56bfc062723c751e8b465ee728b)  -> (artifact id: '9f3027ee46c506d2490dc77a1020b007') in 0.014995 seconds 
========================================================================
Received Import Request.
  Time since last request: 392.654141 seconds.
  path: Assets/Models e Textures/Materiais/GalaoMat2.mat
  artifactKey: Guid(2398db1a83c4a0846959f2af217f7d9c) Importer(815301076,1909f56bfc062723c751e8b465ee728b)
Start importing Assets/Models e Textures/Materiais/GalaoMat2.mat using Guid(2398db1a83c4a0846959f2af217f7d9c) Importer(815301076,1909f56bfc062723c751e8b465ee728b)  -> (artifact id: '0dbbb7170061d8c52e86443612fbae50') in 0.015768 seconds 
========================================================================
Received Import Request.
  Time since last request: 0.000035 seconds.
  path: Assets/Models e Textures/Materiais/GalaoMat4.mat
  artifactKey: Guid(8ada36b8bc87b3b4f93bd8c8b56e8679) Importer(815301076,1909f56bfc062723c751e8b465ee728b)
Start importing Assets/Models e Textures/Materiais/GalaoMat4.mat using Guid(8ada36b8bc87b3b4f93bd8c8b56e8679) Importer(815301076,1909f56bfc062723c751e8b465ee728b)  -> (artifact id: '59fef47013279d5399fa4f8af956f959') in 0.012042 seconds 
========================================================================
Received Import Request.
  Time since last request: 21.696115 seconds.
  path: Assets/Models e Textures/Materiais/GalaoMat2.mat
  artifactKey: Guid(2398db1a83c4a0846959f2af217f7d9c) Importer(815301076,1909f56bfc062723c751e8b465ee728b)
Start importing Assets/Models e Textures/Materiais/GalaoMat2.mat using Guid(2398db1a83c4a0846959f2af217f7d9c) Importer(815301076,1909f56bfc062723c751e8b465ee728b)  -> (artifact id: 'f852b829d034c7a32138901b5a81638e') in 0.031267 seconds 
========================================================================
Received Import Request.
  Time since last request: 0.000042 seconds.
  path: Assets/Models e Textures/Materiais/GalaoMat4.mat
  artifactKey: Guid(8ada36b8bc87b3b4f93bd8c8b56e8679) Importer(815301076,1909f56bfc062723c751e8b465ee728b)
Start importing Assets/Models e Textures/Materiais/GalaoMat4.mat using Guid(8ada36b8bc87b3b4f93bd8c8b56e8679) Importer(815301076,1909f56bfc062723c751e8b465ee728b)  -> (artifact id: '1d42031a3fc587116840a3fe325e1510') in 0.015324 seconds 
