Using pre-set license
Built from '2021.3/staging' branch; Version is '2021.3.10f1 (1c7d0df0160b) revision 1867021'; Using compiler version '192829333'; Build Type 'Release'
OS: 'Windows 10  (10.0.19045) 64bit CoreSingleLanguage' Language: 'pt' Physical Memory: 12236 MB
BatchMode: 1, IsHumanControllingUs: 0, StartBugReporterOnCrash: 0, Is64bit: 1, IsPro: 1

COMMAND LINE ARGUMENTS:
C:\Program Files\Unity\Hub\Editor\2021.3.10f1\Editor\Unity.exe
-adb2
-batchMode
-noUpm
-name
AssetImportWorker0
-projectPath
E:/UNITY PROJETOS/Lost-On-Tenebris
-logFile
Logs/AssetImportWorker0.log
-srvPort
50587
Successfully changed project path to: E:/UNITY PROJETOS/Lost-On-Tenebris
E:/UNITY PROJETOS/Lost-On-Tenebris
[UnityMemory] Configuration Parameters - Can be set up in boot.config
    "memorysetup-bucket-allocator-granularity=16"
    "memorysetup-bucket-allocator-bucket-count=8"
    "memorysetup-bucket-allocator-block-size=33554432"
    "memorysetup-bucket-allocator-block-count=8"
    "memorysetup-main-allocator-block-size=16777216"
    "memorysetup-thread-allocator-block-size=16777216"
    "memorysetup-gfx-main-allocator-block-size=16777216"
    "memorysetup-gfx-thread-allocator-block-size=16777216"
    "memorysetup-cache-allocator-block-size=4194304"
    "memorysetup-typetree-allocator-block-size=2097152"
    "memorysetup-profiler-bucket-allocator-granularity=16"
    "memorysetup-profiler-bucket-allocator-bucket-count=8"
    "memorysetup-profiler-bucket-allocator-block-size=33554432"
    "memorysetup-profiler-bucket-allocator-block-count=8"
    "memorysetup-profiler-allocator-block-size=16777216"
    "memorysetup-profiler-editor-allocator-block-size=1048576"
    "memorysetup-temp-allocator-size-main=16777216"
    "memorysetup-job-temp-allocator-block-size=2097152"
    "memorysetup-job-temp-allocator-block-size-background=1048576"
    "memorysetup-job-temp-allocator-reduction-small-platforms=262144"
    "memorysetup-temp-allocator-size-background-worker=32768"
    "memorysetup-temp-allocator-size-job-worker=262144"
    "memorysetup-temp-allocator-size-preload-manager=33554432"
    "memorysetup-temp-allocator-size-nav-mesh-worker=65536"
    "memorysetup-temp-allocator-size-audio-worker=65536"
    "memorysetup-temp-allocator-size-cloud-worker=32768"
    "memorysetup-temp-allocator-size-gi-baking-worker=262144"
    "memorysetup-temp-allocator-size-gfx=262144"
Refreshing native plugins compatible for Editor in 163.12 ms, found 3 plugins.
Preloading 0 native plugins for Editor in 0.00 ms.
Initialize engine version: 2021.3.10f1 (1c7d0df0160b)
[Subsystems] Discovering subsystems at path C:/Program Files/Unity/Hub/Editor/2021.3.10f1/Editor/Data/Resources/UnitySubsystems
[Subsystems] Discovering subsystems at path E:/UNITY PROJETOS/Lost-On-Tenebris/Assets
GfxDevice: creating device client; threaded=0; jobified=0
Direct3D:
    Version:  Direct3D 11.0 [level 11.1]
    Renderer: Radeon (TM) RX 480 Graphics (ID=0x67df)
    Vendor:   ATI
    VRAM:     8171 MB
    Driver:   30.0.14029.1011
Initialize mono
Mono path[0] = 'C:/Program Files/Unity/Hub/Editor/2021.3.10f1/Editor/Data/Managed'
Mono path[1] = 'C:/Program Files/Unity/Hub/Editor/2021.3.10f1/Editor/Data/MonoBleedingEdge/lib/mono/unityjit-win32'
Mono config path = 'C:/Program Files/Unity/Hub/Editor/2021.3.10f1/Editor/Data/MonoBleedingEdge/etc'
Using monoOptions --debugger-agent=transport=dt_socket,embedding=1,server=y,suspend=n,address=127.0.0.1:56224
Begin MonoManager ReloadAssembly
Registering precompiled unity dll's ...
Register platform support module: C:/Program Files/Unity/Hub/Editor/2021.3.10f1/Editor/Data/PlaybackEngines/WebGLSupport/UnityEditor.WebGL.Extensions.dll
Register platform support module: C:/Program Files/Unity/Hub/Editor/2021.3.10f1/Editor/Data/PlaybackEngines/AndroidPlayer/UnityEditor.Android.Extensions.dll
Register platform support module: C:/Program Files/Unity/Hub/Editor/2021.3.10f1/Editor/Data/PlaybackEngines/WindowsStandaloneSupport/UnityEditor.WindowsStandalone.Extensions.dll
Register platform support module: C:/Program Files/Unity/Hub/Editor/2021.3.10f1/Editor/Data/PlaybackEngines/MetroSupport/UnityEditor.UWP.Extensions.dll
Registered in 0.017633 seconds.
Native extension for UWP target not found
Native extension for WindowsStandalone target not found
Native extension for Android target not found
Native extension for WebGL target not found
Refreshing native plugins compatible for Editor in 155.62 ms, found 3 plugins.
Preloading 0 native plugins for Editor in 0.00 ms.
Mono: successfully reloaded assembly
- Completed reload, in  1.423 seconds
Domain Reload Profiling:
	ReloadAssembly (1424ms)
		BeginReloadAssembly (139ms)
			ExecutionOrderSort (0ms)
			DisableScriptedObjects (0ms)
			BackupInstance (0ms)
			ReleaseScriptingObjects (0ms)
			CreateAndSetChildDomain (2ms)
		EndReloadAssembly (1036ms)
			LoadAssemblies (138ms)
			RebuildTransferFunctionScriptingTraits (0ms)
			SetupTypeCache (285ms)
			ReleaseScriptCaches (0ms)
			RebuildScriptCaches (49ms)
			SetupLoadedEditorAssemblies (604ms)
				LogAssemblyErrors (0ms)
				InitializePlatformSupportModulesInManaged (169ms)
				SetLoadedEditorAssemblies (7ms)
				RefreshPlugins (156ms)
				BeforeProcessingInitializeOnLoad (6ms)
				ProcessInitializeOnLoadAttributes (181ms)
				ProcessInitializeOnLoadMethodAttributes (85ms)
				AfterProcessingInitializeOnLoad (0ms)
				EditorAssembliesLoaded (0ms)
			ExecutionOrderSort2 (0ms)
			AwakeInstancesAfterBackupRestoration (0ms)
Platform modules already initialized, skipping
Registering precompiled user dll's ...
Registered in 0.007101 seconds.
Begin MonoManager ReloadAssembly
Symbol file LoadedFromMemory doesn't match image E:\UNITY PROJETOS\Lost-On-Tenebris\Library\PackageCache\com.unity.visualscripting@1.7.8\Editor\VisualScripting.Core\Dependencies\YamlDotNet\Unity.VisualScripting.YamlDotNet.dll
Symbol file LoadedFromMemory doesn't match image E:\UNITY PROJETOS\Lost-On-Tenebris\Library\PackageCache\com.unity.visualscripting@1.7.8\Editor\VisualScripting.Core\Dependencies\DotNetZip\Unity.VisualScripting.IonicZip.dll
Native extension for UWP target not found
Native extension for WindowsStandalone target not found
Native extension for Android target not found
Native extension for WebGL target not found
Refreshing native plugins compatible for Editor in 137.15 ms, found 3 plugins.
Preloading 0 native plugins for Editor in 0.00 ms.
Mono: successfully reloaded assembly
- Completed reload, in  2.608 seconds
Domain Reload Profiling:
	ReloadAssembly (2610ms)
		BeginReloadAssembly (340ms)
			ExecutionOrderSort (0ms)
			DisableScriptedObjects (16ms)
			BackupInstance (0ms)
			ReleaseScriptingObjects (0ms)
			CreateAndSetChildDomain (146ms)
		EndReloadAssembly (2065ms)
			LoadAssemblies (151ms)
			RebuildTransferFunctionScriptingTraits (0ms)
			SetupTypeCache (575ms)
			ReleaseScriptCaches (1ms)
			RebuildScriptCaches (105ms)
			SetupLoadedEditorAssemblies (1145ms)
				LogAssemblyErrors (0ms)
				InitializePlatformSupportModulesInManaged (35ms)
				SetLoadedEditorAssemblies (0ms)
				RefreshPlugins (137ms)
				BeforeProcessingInitializeOnLoad (154ms)
				ProcessInitializeOnLoadAttributes (731ms)
				ProcessInitializeOnLoadMethodAttributes (70ms)
				AfterProcessingInitializeOnLoad (17ms)
				EditorAssembliesLoaded (0ms)
			ExecutionOrderSort2 (0ms)
			AwakeInstancesAfterBackupRestoration (12ms)
Platform modules already initialized, skipping
========================================================================
Worker process is ready to serve import requests
Failed to load shader (instanceID 398, GUID 9c442dc870b456e48b615cd8add0e9ef)
Failed to load shader (instanceID 396, GUID 493b79ea9c9be44ed8b702014d3ac49c)
Launched and connected shader compiler UnityShaderCompiler.exe after 0.09 seconds
Refreshing native plugins compatible for Editor in 0.75 ms, found 3 plugins.
Preloading 0 native plugins for Editor in 0.00 ms.
Unloading 3724 Unused Serialized files (Serialized files now loaded: 0)
Unloading 28 unused Assets / (56.5 KB). Loaded Objects now: 4186.
Memory consumption went from 131.3 MB to 131.3 MB.
Total: 4.781500 ms (FindLiveObjects: 0.392700 ms CreateObjectMapping: 0.164600 ms MarkObjects: 4.118800 ms  DeleteObjects: 0.104000 ms)

AssetImportParameters requested are different than current active one (requested -> active):
  custom:video-decoder-ogg-theora: a1e56fd34408186e4bbccfd4996cb3dc -> 
  custom:container-muxer-webm: aa71ff27fc2769a1b78a27578f13a17b -> 
  custom:container-demuxer-webm: 4f35f7cbe854078d1ac9338744f61a02 -> 
  custom:video-encoder-webm-vp8: eb34c28f22e8b96e1ab97ce403110664 -> 
  custom:audio-encoder-webm-vorbis: bf7c407c2cedff20999df2af8eb42d56 -> 
  custom:framework-win-MediaFoundation: 216162199b28c13a410421893ffa2e32 -> 
  custom:container-demuxer-ogg: 62fdf1f143b41e24485cea50d1cbac27 -> 
  custom:video-decoder-webm-vp8: 9c59270c3fd7afecdb556c50c9e8de78 -> 
  custom:audio-decoder-ogg-vorbis: bf7c407c2cedff20999df2af8eb42d56 -> 
========================================================================
Received Import Request.
  Time since last request: 242981.415196 seconds.
  path: Assets/Models e Textures/Models/CURVA1.blend
  artifactKey: Guid(bd8f2935cbb98a44a9e8136866eb9c0d) Importer(815301076,1909f56bfc062723c751e8b465ee728b)
Start importing Assets/Models e Textures/Models/CURVA1.blend using Guid(bd8f2935cbb98a44a9e8136866eb9c0d) Importer(815301076,1909f56bfc062723c751e8b465ee728b)  -> (artifact id: '9546358d36eae32c1751fd1790ab28d7') in 0.384565 seconds 
========================================================================
Received Import Request.
  Time since last request: 22.665500 seconds.
  path: Assets/Models e Textures/Models/PAINEL.blend
  artifactKey: Guid(0809567bd57678848bed4b5dc6f10a58) Importer(815301076,1909f56bfc062723c751e8b465ee728b)
Start importing Assets/Models e Textures/Models/PAINEL.blend using Guid(0809567bd57678848bed4b5dc6f10a58) Importer(815301076,1909f56bfc062723c751e8b465ee728b)  -> (artifact id: '75cd310d46e634ff29b55050f9971960') in 0.213512 seconds 
========================================================================
Received Import Request.
  Time since last request: 33.779313 seconds.
  path: Assets/Models e Textures/Textures/Painel
  artifactKey: Guid(8e3d3f178525b4344a16783754e863c5) Importer(815301076,1909f56bfc062723c751e8b465ee728b)
Start importing Assets/Models e Textures/Textures/Painel using Guid(8e3d3f178525b4344a16783754e863c5) Importer(815301076,1909f56bfc062723c751e8b465ee728b)  -> (artifact id: '89500d3de81198aa75e36f5028a96963') in 0.004674 seconds 
========================================================================
Received Import Request.
  Time since last request: 14.151642 seconds.
  path: Assets/Models e Textures/Textures/Painel/Boto천es_Base_Color.png
  artifactKey: Guid(9d4d6df4a512f2943a4ed8897f88de4f) Importer(815301076,1909f56bfc062723c751e8b465ee728b)
Start importing Assets/Models e Textures/Textures/Painel/Boto천es_Base_Color.png using Guid(9d4d6df4a512f2943a4ed8897f88de4f) Importer(815301076,1909f56bfc062723c751e8b465ee728b)  -> (artifact id: '2e65d9f27b98f48c18acef9dabf6e12f') in 0.135426 seconds 
========================================================================
Received Import Request.
  Time since last request: 7.569324 seconds.
  path: Assets/Models e Textures/Textures/Painel/Painel contorno_Base_Color.png
  artifactKey: Guid(a35b5d730382dc243be1b348f5c79631) Importer(815301076,1909f56bfc062723c751e8b465ee728b)
Start importing Assets/Models e Textures/Textures/Painel/Painel contorno_Base_Color.png using Guid(a35b5d730382dc243be1b348f5c79631) Importer(815301076,1909f56bfc062723c751e8b465ee728b)  -> (artifact id: '5ccc4de322242e2f03c1bbd70ffc5e7f') in 0.083017 seconds 
========================================================================
Received Import Request.
  Time since last request: 7.298547 seconds.
  path: Assets/Models e Textures/Textures/Painel/Painel_Base_Color.png
  artifactKey: Guid(8b7b0ff4bf069e945a6637d6e9034175) Importer(815301076,1909f56bfc062723c751e8b465ee728b)
Start importing Assets/Models e Textures/Textures/Painel/Painel_Base_Color.png using Guid(8b7b0ff4bf069e945a6637d6e9034175) Importer(815301076,1909f56bfc062723c751e8b465ee728b)  -> (artifact id: '80b4f51278d241f40737e6e55327d575') in 0.043649 seconds 
========================================================================
Received Import Request.
  Time since last request: 5.411197 seconds.
  path: Assets/Models e Textures/Textures/Painel/Painel_Normal.png
  artifactKey: Guid(bf79ef7aa8fe57f4c8c8c1156e4da81c) Importer(815301076,1909f56bfc062723c751e8b465ee728b)
Start importing Assets/Models e Textures/Textures/Painel/Painel_Normal.png using Guid(bf79ef7aa8fe57f4c8c8c1156e4da81c) Importer(815301076,1909f56bfc062723c751e8b465ee728b)  -> (artifact id: '27e29a66ac91a568898afd8db79acf78') in 0.034890 seconds 
========================================================================
Received Import Request.
  Time since last request: 5.997397 seconds.
  path: Assets/Models e Textures/Materiais/CanosCimaSafeBase.mat
  artifactKey: Guid(0ec01140307c0b94b8bc7a9ef34723e0) Importer(815301076,1909f56bfc062723c751e8b465ee728b)
Start importing Assets/Models e Textures/Materiais/CanosCimaSafeBase.mat using Guid(0ec01140307c0b94b8bc7a9ef34723e0) Importer(815301076,1909f56bfc062723c751e8b465ee728b)  -> (artifact id: '7fea6643c701dc34f451693aa568336c') in 0.022499 seconds 
========================================================================
Received Import Request.
  Time since last request: 0.000026 seconds.
  path: Assets/Models e Textures/Materiais/JanelasSafeBase.mat
  artifactKey: Guid(8a3b20aba254e6a4e8e99d985901ba65) Importer(815301076,1909f56bfc062723c751e8b465ee728b)
Start importing Assets/Models e Textures/Materiais/JanelasSafeBase.mat using Guid(8a3b20aba254e6a4e8e99d985901ba65) Importer(815301076,1909f56bfc062723c751e8b465ee728b)  -> (artifact id: '420b67fcec7c5ba177d20d2bbb09d439') in 0.049573 seconds 
========================================================================
Received Import Request.
  Time since last request: 0.000071 seconds.
  path: Assets/Models e Textures/Materiais/Corrim찾oSafeBase.mat
  artifactKey: Guid(d73867f0dbf59554f99cad0d4b946bc7) Importer(815301076,1909f56bfc062723c751e8b465ee728b)
Start importing Assets/Models e Textures/Materiais/Corrim찾oSafeBase.mat using Guid(d73867f0dbf59554f99cad0d4b946bc7) Importer(815301076,1909f56bfc062723c751e8b465ee728b)  -> (artifact id: '11fe45c7650277d91ca6089665fc0e14') in 0.067507 seconds 
========================================================================
Received Import Request.
  Time since last request: 0.000063 seconds.
  path: Assets/Models e Textures/Materiais/Porta1Tubos.mat
  artifactKey: Guid(6bd0e170ca91a2145941cfe0f8ddde29) Importer(815301076,1909f56bfc062723c751e8b465ee728b)
Start importing Assets/Models e Textures/Materiais/Porta1Tubos.mat using Guid(6bd0e170ca91a2145941cfe0f8ddde29) Importer(815301076,1909f56bfc062723c751e8b465ee728b)  -> (artifact id: 'a99b42204d72d396db6d4eed878f0629') in 0.049066 seconds 
========================================================================
Received Import Request.
  Time since last request: 0.000025 seconds.
  path: Assets/Models e Textures/Materiais/Porta1Parede.mat
  artifactKey: Guid(c8aa1ef18c7b10a4ca81feed72859b96) Importer(815301076,1909f56bfc062723c751e8b465ee728b)
Start importing Assets/Models e Textures/Materiais/Porta1Parede.mat using Guid(c8aa1ef18c7b10a4ca81feed72859b96) Importer(815301076,1909f56bfc062723c751e8b465ee728b)  -> (artifact id: 'c57367362a4a09cb8f83a7425d3fdbb4') in 0.041193 seconds 
========================================================================
Received Import Request.
  Time since last request: 15.755371 seconds.
  path: Assets/Models e Textures/Textures/Painel/PAINELTela.png
  artifactKey: Guid(7247ddc5b8b219945bc508cb4b44e7d6) Importer(815301076,1909f56bfc062723c751e8b465ee728b)
Start importing Assets/Models e Textures/Textures/Painel/PAINELTela.png using Guid(7247ddc5b8b219945bc508cb4b44e7d6) Importer(815301076,1909f56bfc062723c751e8b465ee728b)  -> (artifact id: '50460e887d5f4a78a8ca34ee3b8ad6d4') in 0.025018 seconds 
========================================================================
Received Import Request.
  Time since last request: 31.737259 seconds.
  path: Assets/Models e Textures/Materiais/PainelBotoes.mat
  artifactKey: Guid(bc55c4f8adcb3a24bb351ac657fc7a82) Importer(815301076,1909f56bfc062723c751e8b465ee728b)
Start importing Assets/Models e Textures/Materiais/PainelBotoes.mat using Guid(bc55c4f8adcb3a24bb351ac657fc7a82) Importer(815301076,1909f56bfc062723c751e8b465ee728b)  -> (artifact id: '89dac7fad508463ff72c91ace4dabbd9') in 0.015884 seconds 
========================================================================
Received Import Request.
  Time since last request: 34.470250 seconds.
  path: Assets/Models e Textures/Models/PAINEL.blend
  artifactKey: Guid(0809567bd57678848bed4b5dc6f10a58) Importer(815301076,1909f56bfc062723c751e8b465ee728b)
Start importing Assets/Models e Textures/Models/PAINEL.blend using Guid(0809567bd57678848bed4b5dc6f10a58) Importer(815301076,1909f56bfc062723c751e8b465ee728b)  -> (artifact id: 'dd60f951bb9af74b7634e8d059f281cf') in 0.084751 seconds 
========================================================================
Received Import Request.
  Time since last request: 20.967156 seconds.
  path: Assets/Models e Textures/Materiais/PainelContorno.mat
  artifactKey: Guid(973bcc96ab5ab9347987aeed29996147) Importer(815301076,1909f56bfc062723c751e8b465ee728b)
Start importing Assets/Models e Textures/Materiais/PainelContorno.mat using Guid(973bcc96ab5ab9347987aeed29996147) Importer(815301076,1909f56bfc062723c751e8b465ee728b)  -> (artifact id: 'eba081ab6884f86bc5862edb3c906d85') in 0.032574 seconds 
========================================================================
Received Import Request.
  Time since last request: 41.746801 seconds.
  path: Assets/Models e Textures/Materiais/Painel.mat
  artifactKey: Guid(53756e63353422547a0003e9624e2f06) Importer(815301076,1909f56bfc062723c751e8b465ee728b)
Start importing Assets/Models e Textures/Materiais/Painel.mat using Guid(53756e63353422547a0003e9624e2f06) Importer(815301076,1909f56bfc062723c751e8b465ee728b)  -> (artifact id: 'fba32b396fcfada5ca93b58d3f6af76b') in 0.014839 seconds 
========================================================================
Received Import Request.
  Time since last request: 37.343969 seconds.
  path: Assets/Models e Textures/Models/PAINEL.blend
  artifactKey: Guid(0809567bd57678848bed4b5dc6f10a58) Importer(815301076,1909f56bfc062723c751e8b465ee728b)
Start importing Assets/Models e Textures/Models/PAINEL.blend using Guid(0809567bd57678848bed4b5dc6f10a58) Importer(815301076,1909f56bfc062723c751e8b465ee728b)  -> (artifact id: 'ee298a962f6ff7d7e93e5013adca3bf9') in 0.206106 seconds 
========================================================================
Received Import Request.
  Time since last request: 14.843943 seconds.
  path: Assets/Models e Textures/Materiais/PainelLCD.mat
  artifactKey: Guid(6d985eab62f89d0438382c711f7972c7) Importer(815301076,1909f56bfc062723c751e8b465ee728b)
Start importing Assets/Models e Textures/Materiais/PainelLCD.mat using Guid(6d985eab62f89d0438382c711f7972c7) Importer(815301076,1909f56bfc062723c751e8b465ee728b)  -> (artifact id: 'd6729f184ef557e67cbcbdb56841c00a') in 0.015971 seconds 
========================================================================
Received Import Request.
  Time since last request: 43.864157 seconds.
  path: Assets/Models e Textures/Models/PAINEL.blend
  artifactKey: Guid(0809567bd57678848bed4b5dc6f10a58) Importer(815301076,1909f56bfc062723c751e8b465ee728b)
Start importing Assets/Models e Textures/Models/PAINEL.blend using Guid(0809567bd57678848bed4b5dc6f10a58) Importer(815301076,1909f56bfc062723c751e8b465ee728b)  -> (artifact id: '12a3c8783e336ad339c3ab65d9530ab7') in 0.072564 seconds 
========================================================================
Received Import Request.
  Time since last request: 182.088771 seconds.
  path: Assets/Models e Textures/Prefabs/CURVA1.prefab
  artifactKey: Guid(24f3973365004ab4496d114b08ec6188) Importer(815301076,1909f56bfc062723c751e8b465ee728b)
Start importing Assets/Models e Textures/Prefabs/CURVA1.prefab using Guid(24f3973365004ab4496d114b08ec6188) Importer(815301076,1909f56bfc062723c751e8b465ee728b)  -> (artifact id: '9fa402ec8ee5433e82dba7d1c1dd1a21') in 0.107815 seconds 
========================================================================
Received Import Request.
  Time since last request: 3.845310 seconds.
  path: Assets/Models e Textures/Prefabs/PAINEL Variant.prefab
  artifactKey: Guid(e5d9ec454d3e1dd45be7ed432bd4828c) Importer(815301076,1909f56bfc062723c751e8b465ee728b)
Start importing Assets/Models e Textures/Prefabs/PAINEL Variant.prefab using Guid(e5d9ec454d3e1dd45be7ed432bd4828c) Importer(815301076,1909f56bfc062723c751e8b465ee728b)  -> (artifact id: '89c9ec0d6026fb67b17a87e18799113d') in 0.028689 seconds 
========================================================================
Received Import Request.
  Time since last request: 94.861208 seconds.
  path: Assets/Models e Textures/Prefabs/PAINEL.prefab
  artifactKey: Guid(89683bb543c20bb4cb1d1abd670e4c42) Importer(815301076,1909f56bfc062723c751e8b465ee728b)
Start importing Assets/Models e Textures/Prefabs/PAINEL.prefab using Guid(89683bb543c20bb4cb1d1abd670e4c42) Importer(815301076,1909f56bfc062723c751e8b465ee728b)  -> (artifact id: 'c7bd5b010605ef725d17dae2fe89930a') in 0.038000 seconds 
========================================================================
Received Import Request.
  Time since last request: 14.182702 seconds.
  path: Assets/Models e Textures/Prefabs/PAINEL Variant.prefab
  artifactKey: Guid(e5d9ec454d3e1dd45be7ed432bd4828c) Importer(815301076,1909f56bfc062723c751e8b465ee728b)
Start importing Assets/Models e Textures/Prefabs/PAINEL Variant.prefab using Guid(e5d9ec454d3e1dd45be7ed432bd4828c) Importer(815301076,1909f56bfc062723c751e8b465ee728b)  -> (artifact id: 'c64fa56cc7c803a2d9f06fada0bfc126') in 0.067364 seconds 
========================================================================
Received Import Request.
  Time since last request: 4.280177 seconds.
  path: Assets/Models e Textures/Prefabs/PAINEL Variant.prefab
  artifactKey: Guid(e5d9ec454d3e1dd45be7ed432bd4828c) Importer(815301076,1909f56bfc062723c751e8b465ee728b)
Start importing Assets/Models e Textures/Prefabs/PAINEL Variant.prefab using Guid(e5d9ec454d3e1dd45be7ed432bd4828c) Importer(815301076,1909f56bfc062723c751e8b465ee728b)  -> (artifact id: '9667f90b9721ca5d091f199c980670b0') in 0.013454 seconds 
========================================================================
Received Import Request.
  Time since last request: 35.205278 seconds.
  path: Assets/Models e Textures/Prefabs/PAINEL.prefab
  artifactKey: Guid(89683bb543c20bb4cb1d1abd670e4c42) Importer(815301076,1909f56bfc062723c751e8b465ee728b)
Start importing Assets/Models e Textures/Prefabs/PAINEL.prefab using Guid(89683bb543c20bb4cb1d1abd670e4c42) Importer(815301076,1909f56bfc062723c751e8b465ee728b)  -> (artifact id: '53bd4e8387b587a0c12ecf208375b3ae') in 0.025395 seconds 
========================================================================
Received Import Request.
  Time since last request: 18.689048 seconds.
  path: Assets/Models e Textures/Prefabs/PAINEL.prefab
  artifactKey: Guid(89683bb543c20bb4cb1d1abd670e4c42) Importer(815301076,1909f56bfc062723c751e8b465ee728b)
Start importing Assets/Models e Textures/Prefabs/PAINEL.prefab using Guid(89683bb543c20bb4cb1d1abd670e4c42) Importer(815301076,1909f56bfc062723c751e8b465ee728b)  -> (artifact id: '497bc8443510b14166930cf24cf176af') in 0.067812 seconds 
